{
  "RSpec": {
    "coverage": {
      "/home/aditya/JobsJugaad/lib/jobs_controller_helper_functions.rb": [
        1,
        1,
        0,
        0,
        0,
        0,
        null,
        null,
        1,
        0,
        0,
        0,
        null,
        0,
        null,
        null,
        1,
        0,
        0,
        0,
        0,
        null,
        null,
        0,
        null,
        null,
        1,
        0,
        0,
        null,
        null,
        1,
        1,
        1,
        1,
        0,
        null,
        1,
        0,
        0,
        0,
        null,
        0,
        null,
        null,
        1,
        1,
        null,
        null,
        null
      ],
      "/home/aditya/JobsJugaad/lib/validation_patterns.rb": [
        1,
        null,
        1,
        null,
        null,
        null,
        null,
        null,
        null,
        null
      ],
      "/home/aditya/JobsJugaad/lib/twitter.rb": [
        1,
        1,
        1,
        1,
        1,
        0,
        null,
        null,
        null,
        null,
        null,
        1,
        0,
        0,
        null,
        null,
        1,
        0,
        null,
        null,
        1,
        0,
        0,
        0,
        null,
        null,
        1,
        0,
        0,
        null,
        null,
        null,
        1,
        0,
        0,
        0,
        0,
        0,
        null,
        null,
        null
      ],
      "/home/aditya/JobsJugaad/lib/response_timer.rb": [
        1,
        1,
        0,
        null,
        null,
        1,
        0,
        0,
        null,
        null
      ],
      "/home/aditya/JobsJugaad/lib/job_seekers_helper_functions.rb": [
        1,
        null,
        1,
        0,
        0,
        0,
        null,
        0,
        0,
        0,
        0,
        null,
        null,
        null,
        1,
        2,
        0,
        0,
        null,
        null,
        null,
        1,
        4,
        2,
        2,
        null,
        null,
        null,
        1,
        0,
        0,
        0,
        null,
        0,
        null,
        null,
        null,
        1,
        0,
        0,
        0,
        null,
        0,
        null,
        null
      ],
      "/home/aditya/JobsJugaad/lib/employers_controller_helper_function.rb": [
        1,
        1,
        0,
        null,
        null
      ],
      "/home/aditya/JobsJugaad/lib/sessions_controller_helper_functions.rb": [
        1,
        null,
        1,
        4,
        2,
        2,
        2,
        null,
        2,
        2,
        null,
        null,
        null,
        1,
        8,
        8,
        5,
        4,
        null,
        1,
        1,
        1,
        null,
        null,
        3,
        3,
        null,
        null,
        null,
        1,
        2,
        2,
        2,
        2,
        2,
        0,
        0,
        null,
        null,
        4,
        null,
        null,
        null,
        null,
        1,
        5,
        3,
        null,
        2,
        2,
        null,
        null,
        null,
        1,
        0,
        null,
        0,
        null,
        0,
        null,
        0,
        null,
        null,
        null,
        1,
        0,
        0,
        null,
        0,
        null,
        null,
        null,
        1,
        3,
        null,
        1,
        null,
        2,
        null,
        0,
        null,
        null,
        null,
        1,
        3,
        3,
        null,
        0,
        null,
        null,
        null,
        1,
        5,
        null,
        2,
        null,
        3,
        null,
        0,
        null,
        null,
        null,
        null
      ],
      "/home/aditya/JobsJugaad/lib/global_funcs.rb": [
        1,
        null,
        1,
        2,
        null,
        null,
        1,
        771,
        257,
        257,
        257,
        257,
        null,
        257,
        0,
        0,
        null,
        257,
        510,
        510,
        null,
        null,
        null,
        null,
        1,
        228,
        228,
        228,
        null
      ],
      "/home/aditya/JobsJugaad/app/controllers/admin_controller.rb": [
        null,
        1,
        null,
        1,
        null,
        null,
        1,
        4,
        4,
        4,
        null,
        null,
        null
      ],
      "/home/aditya/JobsJugaad/app/controllers/application_controller.rb": [
        1,
        1,
        1,
        null,
        1,
        null,
        1,
        117,
        null,
        null
      ],
      "/home/aditya/JobsJugaad/app/helpers/application_helper.rb": [
        1,
        1,
        1,
        0,
        null,
        null,
        1,
        0,
        null,
        null,
        1,
        0,
        null,
        null,
        1,
        0,
        0,
        null,
        0,
        null,
        null,
        null,
        1,
        0,
        null,
        null,
        1,
        0,
        0,
        null,
        null,
        null,
        1,
        0,
        0,
        0,
        null,
        0,
        null,
        null,
        null,
        null,
        null,
        1,
        0,
        null,
        0,
        null,
        0,
        null,
        0,
        null,
        null,
        null,
        null
      ],
      "/home/aditya/JobsJugaad/app/helpers/admin_helper.rb": [
        1,
        null
      ],
      "/home/aditya/JobsJugaad/app/helpers/employers_helper.rb": [
        1,
        null,
        null
      ],
      "/home/aditya/JobsJugaad/app/helpers/home_helper.rb": [
        1,
        null
      ],
      "/home/aditya/JobsJugaad/app/helpers/job_applications_helper.rb": [
        1,
        null
      ],
      "/home/aditya/JobsJugaad/app/helpers/job_seekers_helper.rb": [
        1,
        null,
        1,
        0,
        0,
        null,
        0,
        null,
        null,
        null,
        1,
        0,
        0,
        null,
        0,
        null,
        null,
        null,
        1,
        0,
        0,
        null,
        0,
        null,
        null,
        null,
        1,
        0,
        0,
        0,
        null,
        0,
        null,
        null,
        null
      ],
      "/home/aditya/JobsJugaad/app/helpers/jobs_helper.rb": [
        1,
        null,
        1,
        0,
        0,
        null,
        0,
        null,
        null,
        null,
        1,
        0,
        0,
        null,
        0,
        null,
        null,
        null,
        null
      ],
      "/home/aditya/JobsJugaad/app/helpers/sessions_helper.rb": [
        1,
        null
      ],
      "/home/aditya/JobsJugaad/app/helpers/skills_helper.rb": [
        1,
        null
      ],
      "/home/aditya/JobsJugaad/app/models/admin.rb": [
        1,
        1,
        1,
        null,
        1,
        null,
        1,
        57,
        null,
        57,
        null,
        1,
        1,
        null,
        null,
        56,
        null,
        57,
        null
      ],
      "/home/aditya/JobsJugaad/app/controllers/employers_controller.rb": [
        1,
        1,
        1,
        null,
        1,
        1,
        1,
        1,
        1,
        null,
        null,
        1,
        1,
        null,
        null,
        1,
        1,
        null,
        null,
        1,
        1,
        null,
        null,
        1,
        2,
        null,
        2,
        2,
        2,
        null,
        2,
        null,
        null,
        null,
        null,
        1,
        1,
        1,
        1,
        1,
        null,
        null,
        1,
        1,
        1,
        2,
        null,
        null,
        null,
        1,
        1,
        1,
        1,
        1,
        null,
        null,
        1,
        1,
        1,
        null,
        null,
        1,
        2,
        2,
        2,
        2,
        1,
        1,
        1,
        1,
        null,
        1,
        1,
        null,
        null,
        null,
        1,
        1,
        1,
        null,
        1,
        1,
        1,
        1,
        1,
        1,
        1,
        null,
        null,
        1,
        0,
        0,
        null,
        0,
        0,
        null,
        null,
        null,
        1,
        null,
        1,
        22,
        7,
        null,
        null,
        null,
        1,
        7,
        3,
        3,
        null,
        null,
        null,
        1,
        5,
        5,
        1,
        1,
        null,
        null,
        null,
        1,
        9,
        9,
        2,
        2,
        null,
        null,
        null
      ],
      "/home/aditya/JobsJugaad/app/models/employer.rb": [
        1,
        1,
        null,
        1,
        1,
        1,
        null,
        1,
        null,
        null,
        null,
        null,
        1,
        null,
        1,
        1,
        null,
        1,
        null,
        1,
        252,
        252,
        null,
        1,
        null,
        1,
        null,
        251,
        null,
        1,
        null,
        251,
        null,
        1,
        null,
        null,
        1,
        null,
        null,
        null,
        null,
        1,
        null,
        null,
        null,
        1,
        null,
        1,
        104,
        null,
        null
      ],
      "/home/aditya/JobsJugaad/app/controllers/home_controller.rb": [
        1,
        1,
        null,
        null
      ],
      "/home/aditya/JobsJugaad/app/controllers/job_applications_controller.rb": [
        1,
        null,
        1,
        2,
        2,
        2,
        2,
        2,
        2,
        1,
        2,
        null,
        null,
        2,
        null,
        null,
        null,
        null
      ],
      "/home/aditya/JobsJugaad/app/models/job_application.rb": [
        1,
        1,
        null,
        1,
        1,
        null,
        1,
        null,
        null,
        1,
        3,
        2,
        null,
        1,
        null,
        null,
        null,
        1,
        1,
        1,
        null,
        null,
        null,
        null
      ],
      "/home/aditya/JobsJugaad/app/controllers/job_seekers_controller.rb": [
        1,
        1,
        null,
        1,
        null,
        1,
        null,
        1,
        1,
        null,
        1,
        6,
        6,
        null,
        null,
        null,
        1,
        16,
        5,
        null,
        11,
        4,
        null,
        null,
        null,
        null,
        1,
        null,
        null,
        1,
        3,
        null,
        null,
        1,
        0,
        null,
        null,
        1,
        0,
        null,
        0,
        0,
        0,
        null,
        0,
        null,
        null,
        null,
        null,
        1,
        2,
        2,
        2,
        2,
        null,
        1,
        null,
        2,
        1,
        null,
        null,
        null,
        null,
        1,
        1,
        1,
        1,
        1,
        null,
        null,
        1,
        1,
        1,
        2,
        null,
        null,
        null,
        null,
        1,
        2,
        2,
        2,
        1,
        null,
        null,
        null,
        1,
        0,
        0,
        null,
        null
      ],
      "/home/aditya/JobsJugaad/app/models/job_seeker.rb": [
        1,
        1,
        1,
        1,
        1,
        1,
        1,
        null,
        null,
        null,
        null,
        null,
        null,
        1,
        1,
        null,
        1,
        null,
        1,
        1,
        null,
        1,
        1,
        null,
        null,
        null,
        null,
        1,
        null,
        1,
        null,
        null,
        null,
        null,
        1,
        1,
        337,
        1,
        null,
        336,
        null,
        1,
        1,
        336,
        337,
        null,
        1,
        null,
        1,
        null,
        1,
        1,
        null,
        null,
        1,
        157,
        null,
        null,
        1,
        0,
        null,
        null,
        1,
        null,
        1,
        124,
        null,
        null,
        null,
        null,
        1,
        null,
        1,
        null,
        null,
        null,
        null,
        null,
        null,
        null,
        null,
        null,
        null,
        null,
        null,
        1,
        null,
        null,
        null,
        null,
        null,
        null,
        null,
        null,
        null,
        null,
        null,
        null,
        null,
        null,
        null
      ],
      "/home/aditya/JobsJugaad/app/controllers/jobs_controller.rb": [
        1,
        1,
        1,
        null,
        1,
        1,
        1,
        1,
        null,
        1,
        null,
        1,
        5,
        1,
        1,
        null,
        null,
        null,
        1,
        4,
        4,
        2,
        null,
        2,
        2,
        null,
        null,
        null,
        1,
        2,
        1,
        1,
        null,
        null,
        null,
        1,
        3,
        1,
        1,
        null,
        null,
        null,
        1,
        3,
        3,
        0,
        0,
        null,
        null,
        null,
        1,
        2,
        2,
        2,
        2,
        2,
        null,
        2,
        null,
        null,
        null,
        null,
        1,
        1,
        null,
        null,
        1,
        1,
        null,
        null,
        1,
        1,
        null,
        null,
        1,
        2,
        1,
        null,
        1,
        null,
        null,
        null,
        1,
        2,
        null,
        2,
        2,
        2,
        null,
        2,
        null,
        null,
        null,
        null,
        1,
        1,
        null,
        null,
        null,
        null,
        null,
        null,
        null,
        null,
        null,
        null,
        null,
        null,
        null,
        null,
        null,
        null,
        null,
        null,
        null,
        null,
        1,
        1,
        1,
        1,
        null,
        1,
        null,
        null,
        1,
        1,
        1,
        null,
        1,
        2,
        null,
        null,
        null,
        null
      ],
      "/home/aditya/JobsJugaad/app/models/job.rb": [
        1,
        null,
        1,
        1,
        1,
        null,
        null,
        1,
        null,
        1,
        1,
        null,
        1,
        1,
        null,
        1,
        null,
        1,
        118,
        null,
        1,
        null,
        1,
        1,
        1,
        118,
        118,
        1,
        null,
        null,
        null,
        null,
        null,
        null,
        null,
        null,
        1,
        null,
        1,
        null,
        1,
        null,
        1,
        null,
        1,
        1,
        1,
        1,
        1,
        1,
        1,
        1,
        null,
        null,
        1,
        1,
        null,
        null,
        1,
        1,
        null,
        null,
        1,
        0,
        null,
        null,
        1,
        0,
        null,
        null,
        1,
        1,
        null,
        null,
        1,
        100,
        null,
        null
      ],
      "/home/aditya/JobsJugaad/app/models/xyz.rb": [
        1,
        1,
        1,
        1,
        null
      ],
      "/home/aditya/JobsJugaad/app/models/job_search_requests.rb": [
        1,
        1,
        null
      ],
      "/home/aditya/JobsJugaad/app/models/skillsassociation.rb": [
        1,
        1,
        1,
        1,
        null
      ],
      "/home/aditya/JobsJugaad/app/models/skill.rb": [
        1,
        1,
        null,
        null,
        null,
        null,
        null,
        null,
        1,
        1,
        1,
        null,
        1,
        618,
        1,
        null
      ],
      "/home/aditya/JobsJugaad/app/controllers/sessions_controller.rb": [
        1,
        1,
        null,
        1,
        null,
        1,
        1,
        null,
        1,
        15,
        null,
        null,
        1,
        4,
        2,
        2,
        2,
        2,
        null,
        2,
        2,
        2,
        2,
        null,
        null,
        null,
        1,
        11,
        8,
        null,
        3,
        3,
        3,
        null,
        3,
        3,
        3,
        null,
        2,
        2,
        2,
        null,
        null,
        3,
        null,
        null,
        null,
        1,
        4,
        4,
        2,
        2,
        null,
        2,
        null,
        4,
        null,
        null,
        1,
        6,
        6,
        6,
        null,
        null,
        null,
        1,
        0,
        null,
        null,
        1,
        10,
        7,
        5,
        null,
        2,
        2,
        null,
        null,
        null,
        1,
        2,
        null,
        null,
        1,
        4,
        4,
        4,
        2,
        2,
        2,
        null,
        2,
        null,
        4,
        null,
        null,
        1,
        2,
        2,
        1,
        1,
        1,
        null,
        1,
        null,
        null,
        null,
        1,
        1,
        null,
        null,
        1,
        2,
        2,
        1,
        1,
        1,
        null,
        1,
        null,
        null,
        null,
        1,
        1,
        1,
        null,
        null,
        1,
        0,
        0,
        null,
        null
      ],
      "/home/aditya/JobsJugaad/app/controllers/skills_controller.rb": [
        1,
        null
      ],
      "/home/aditya/JobsJugaad/app/mailers/notifier.rb": [
        1,
        1,
        null,
        1,
        2,
        null,
        null,
        1,
        0,
        null,
        0,
        0,
        null,
        null,
        1,
        2,
        2,
        null,
        2,
        null,
        null,
        1,
        0,
        0,
        0,
        0,
        null,
        null,
        1,
        0,
        0,
        0,
        null,
        null,
        1,
        0,
        0,
        0,
        null,
        null,
        1,
        0,
        0,
        0,
        null,
        null,
        null
      ],
      "/home/aditya/JobsJugaad/app/models/skills_association.rb": [
        1,
        1,
        1,
        1,
        null
      ]
    },
    "timestamp": 1353911347
  }
}
