{
  "RSpec": {
    "coverage": {
      "/home/aditya/JobsJugaad/lib/jobs_controller_helper_functions.rb": [
        1,
        1,
        1,
        1,
        1,
        1,
        null,
        null,
        1,
        1,
        1,
        1,
        null,
        1,
        null,
        null,
        1,
        1,
        1,
        1,
        1,
        null,
        null,
        1,
        null,
        null,
        1,
        4,
        1,
        null,
        null,
        1,
        1,
        0,
        0,
        0,
        null,
        0,
        0,
        0,
        0,
        null,
        0,
        null,
        null,
        1,
        0,
        null,
        null,
        null
      ],
      "/home/aditya/JobsJugaad/lib/validation_patterns.rb": [
        1,
        null,
        1,
        null,
        null,
        null,
        null,
        null,
        null,
        null
      ],
      "/home/aditya/JobsJugaad/lib/twitter.rb": [
        1,
        1,
        1,
        1,
        1,
        0,
        null,
        null,
        null,
        null,
        null,
        1,
        0,
        0,
        null,
        null,
        1,
        0,
        null,
        null,
        1,
        0,
        0,
        0,
        null,
        null,
        1,
        0,
        0,
        null,
        null,
        null,
        1,
        0,
        0,
        0,
        0,
        0,
        null,
        null,
        null
      ],
      "/home/aditya/JobsJugaad/lib/job_seekers_helper_functions.rb": [
        1,
        null,
        1,
        0,
        0,
        0,
        null,
        0,
        0,
        0,
        0,
        null,
        null,
        null,
        1,
        2,
        0,
        0,
        null,
        null,
        null,
        1,
        3,
        1,
        1,
        null,
        null,
        null,
        1,
        0,
        0,
        0,
        null,
        0,
        null,
        null,
        null,
        1,
        0,
        0,
        0,
        null,
        0,
        null,
        null
      ],
      "/home/aditya/JobsJugaad/lib/employers_controller_helper_function.rb": [
        1,
        1,
        0,
        null,
        null
      ],
      "/home/aditya/JobsJugaad/lib/sessions_controller_helper_functions.rb": [
        1,
        null,
        1,
        0,
        0,
        0,
        0,
        null,
        0,
        0,
        null,
        null,
        null,
        1,
        8,
        8,
        1,
        0,
        null,
        1,
        1,
        1,
        null,
        null,
        7,
        7,
        null,
        null,
        null,
        1,
        4,
        4,
        2,
        0,
        0,
        0,
        0,
        null,
        null,
        0,
        null,
        null,
        null,
        null,
        1,
        2,
        1,
        null,
        1,
        1,
        null,
        null,
        null,
        1,
        1,
        null,
        0,
        null,
        0,
        null,
        1,
        null,
        null,
        null,
        1,
        0,
        0,
        null,
        0,
        null,
        null,
        null,
        1,
        1,
        null,
        0,
        null,
        0,
        null,
        1,
        null,
        null,
        null,
        1,
        3,
        3,
        null,
        0,
        null,
        null,
        null,
        1,
        2,
        null,
        0,
        null,
        0,
        null,
        2,
        null,
        null,
        null,
        null
      ],
      "/home/aditya/JobsJugaad/lib/global_funcs.rb": [
        1,
        null,
        1,
        2,
        null,
        null,
        1,
        633,
        211,
        211,
        211,
        211,
        null,
        211,
        0,
        0,
        null,
        211,
        418,
        418,
        null,
        null,
        null,
        null,
        1,
        90,
        90,
        90,
        null
      ],
      "/home/aditya/JobsJugaad/app/controllers/admin_controller.rb": [
        null,
        1,
        null,
        1,
        null,
        null,
        1,
        4,
        4,
        4,
        null,
        null,
        null
      ],
      "/home/aditya/JobsJugaad/app/controllers/application_controller.rb": [
        1,
        1,
        null
      ],
      "/home/aditya/JobsJugaad/app/helpers/application_helper.rb": [
        1,
        1,
        1,
        0,
        null,
        null,
        1,
        0,
        null,
        null,
        1,
        0,
        null,
        null,
        1,
        0,
        0,
        null,
        0,
        null,
        null,
        null,
        1,
        0,
        null,
        null,
        1,
        0,
        0,
        null,
        null,
        null,
        1,
        0,
        0,
        0,
        null,
        0,
        null,
        null,
        null,
        null,
        null,
        1,
        0,
        null,
        0,
        null,
        0,
        null,
        0,
        null,
        null,
        null,
        null
      ],
      "/home/aditya/JobsJugaad/app/helpers/admin_helper.rb": [
        1,
        null
      ],
      "/home/aditya/JobsJugaad/app/helpers/employers_helper.rb": [
        1,
        null,
        null
      ],
      "/home/aditya/JobsJugaad/app/helpers/home_helper.rb": [
        1,
        null
      ],
      "/home/aditya/JobsJugaad/app/helpers/job_applications_helper.rb": [
        1,
        null
      ],
      "/home/aditya/JobsJugaad/app/helpers/job_seekers_helper.rb": [
        1,
        null,
        1,
        0,
        0,
        null,
        0,
        null,
        null,
        null,
        1,
        0,
        0,
        null,
        0,
        null,
        null,
        null,
        1,
        0,
        0,
        null,
        0,
        null,
        null,
        null,
        1,
        0,
        0,
        0,
        null,
        0,
        null,
        null,
        null
      ],
      "/home/aditya/JobsJugaad/app/helpers/jobs_helper.rb": [
        1,
        null,
        1,
        0,
        0,
        null,
        0,
        null,
        null,
        null,
        1,
        0,
        0,
        null,
        0,
        null,
        null,
        null,
        null
      ],
      "/home/aditya/JobsJugaad/app/helpers/sessions_helper.rb": [
        1,
        null
      ],
      "/home/aditya/JobsJugaad/app/helpers/skills_helper.rb": [
        1,
        null
      ],
      "/home/aditya/JobsJugaad/app/models/admin.rb": [
        1,
        1,
        1,
        null,
        1,
        null,
        1,
        23,
        null,
        23,
        null,
        1,
        1,
        null,
        null,
        22,
        null,
        23,
        null
      ],
      "/home/aditya/JobsJugaad/app/controllers/employers_controller.rb": [
        1,
        1,
        1,
        null,
        1,
        1,
        1,
        1,
        1,
        null,
        null,
        1,
        1,
        null,
        null,
        1,
        1,
        null,
        null,
        1,
        1,
        null,
        null,
        1,
        2,
        null,
        2,
        2,
        2,
        null,
        2,
        null,
        null,
        null,
        null,
        1,
        1,
        1,
        1,
        1,
        null,
        null,
        1,
        1,
        1,
        2,
        null,
        null,
        null,
        1,
        1,
        1,
        1,
        1,
        null,
        null,
        1,
        1,
        1,
        null,
        null,
        1,
        2,
        2,
        2,
        2,
        1,
        1,
        1,
        1,
        null,
        1,
        1,
        null,
        null,
        null,
        1,
        1,
        1,
        null,
        1,
        1,
        1,
        1,
        1,
        1,
        1,
        null,
        null,
        1,
        0,
        0,
        null,
        0,
        0,
        null,
        null,
        null,
        1,
        null,
        1,
        22,
        7,
        null,
        null,
        null,
        1,
        7,
        3,
        3,
        null,
        null,
        null,
        1,
        5,
        5,
        1,
        1,
        null,
        null,
        null,
        1,
        9,
        9,
        2,
        2,
        null,
        null,
        null
      ],
      "/home/aditya/JobsJugaad/app/models/employer.rb": [
        1,
        1,
        null,
        1,
        1,
        1,
        null,
        1,
        null,
        null,
        null,
        null,
        1,
        null,
        1,
        1,
        null,
        1,
        null,
        1,
        155,
        155,
        null,
        1,
        null,
        1,
        null,
        154,
        null,
        1,
        null,
        null,
        null,
        1,
        null,
        null,
        1,
        null,
        null,
        null,
        null,
        1,
        null,
        null,
        null,
        1,
        null,
        1,
        46,
        null,
        null
      ],
      "/home/aditya/JobsJugaad/app/controllers/home_controller.rb": [
        1,
        1,
        null,
        null
      ],
      "/home/aditya/JobsJugaad/app/controllers/job_applications_controller.rb": [
        1,
        null,
        1,
        2,
        2,
        2,
        2,
        2,
        2,
        1,
        2,
        null,
        null,
        2,
        null,
        null,
        null,
        null
      ],
      "/home/aditya/JobsJugaad/app/models/job_application.rb": [
        1,
        1,
        null,
        1,
        1,
        null,
        1,
        null,
        null,
        1,
        3,
        2,
        null,
        1,
        null,
        null,
        null,
        1,
        1,
        1,
        null,
        null,
        null,
        null
      ],
      "/home/aditya/JobsJugaad/app/controllers/job_seekers_controller.rb": [
        1,
        1,
        null,
        1,
        null,
        1,
        null,
        1,
        1,
        null,
        1,
        6,
        3,
        null,
        null,
        null,
        1,
        14,
        5,
        null,
        9,
        3,
        null,
        null,
        null,
        null,
        1,
        null,
        null,
        1,
        3,
        null,
        null,
        1,
        1,
        null,
        null,
        1,
        2,
        null,
        2,
        2,
        0,
        null,
        0,
        null,
        null,
        null,
        null,
        1,
        2,
        2,
        2,
        2,
        null,
        1,
        null,
        2,
        1,
        null,
        null,
        null,
        null,
        1,
        0,
        0,
        0,
        0,
        null,
        null,
        1,
        1,
        1,
        2,
        null,
        null,
        null,
        null,
        1,
        2,
        2,
        2,
        1,
        null,
        null,
        null,
        1,
        0,
        0,
        null,
        null
      ],
      "/home/aditya/JobsJugaad/app/models/job_seeker.rb": [
        1,
        1,
        1,
        1,
        1,
        1,
        1,
        null,
        null,
        null,
        null,
        null,
        null,
        null,
        null,
        1,
        1,
        null,
        1,
        null,
        1,
        1,
        null,
        1,
        1,
        null,
        null,
        null,
        null,
        1,
        null,
        1,
        null,
        null,
        null,
        null,
        1,
        1,
        204,
        1,
        null,
        null,
        203,
        null,
        1,
        1,
        203,
        204,
        null,
        1,
        null,
        1,
        1,
        null,
        null,
        1,
        112,
        null,
        null,
        1,
        null,
        1,
        44,
        null,
        null,
        null,
        null,
        1,
        null,
        1,
        null,
        null,
        null,
        null,
        null,
        null,
        null,
        null,
        null,
        null,
        null,
        null,
        1,
        null,
        null,
        null,
        null,
        null,
        null,
        null,
        null,
        null,
        null,
        null,
        null,
        null,
        null,
        null
      ],
      "/home/aditya/JobsJugaad/app/controllers/jobs_controller.rb": [
        1,
        1,
        1,
        null,
        1,
        1,
        1,
        1,
        null,
        1,
        null,
        1,
        4,
        1,
        1,
        null,
        null,
        null,
        1,
        4,
        4,
        0,
        null,
        4,
        4,
        null,
        null,
        null,
        1,
        0,
        0,
        0,
        null,
        null,
        null,
        1,
        3,
        1,
        1,
        null,
        null,
        null,
        1,
        2,
        2,
        0,
        0,
        null,
        null,
        null,
        1,
        2,
        0,
        0,
        0,
        0,
        null,
        0,
        null,
        null,
        null,
        null,
        1,
        1,
        null,
        null,
        1,
        0,
        null,
        null,
        1,
        1,
        null,
        null,
        1,
        2,
        1,
        null,
        1,
        null,
        null,
        null,
        1,
        2,
        null,
        2,
        2,
        2,
        null,
        2,
        null,
        null,
        null,
        null,
        1,
        1,
        null,
        null,
        null,
        null,
        null,
        null,
        null,
        null,
        1,
        1,
        1,
        1,
        null,
        1,
        1,
        1,
        null,
        1,
        1,
        null,
        null,
        1,
        1,
        1,
        null,
        1,
        2,
        null,
        null,
        null,
        null
      ],
      "/home/aditya/JobsJugaad/app/models/job.rb": [
        1,
        null,
        1,
        1,
        1,
        null,
        null,
        1,
        null,
        1,
        1,
        null,
        1,
        1,
        null,
        1,
        null,
        1,
        114,
        null,
        1,
        null,
        1,
        1,
        1,
        114,
        114,
        1,
        null,
        null,
        2,
        null,
        null,
        null,
        null,
        null,
        2,
        null,
        2,
        null,
        3,
        null,
        1,
        null,
        1,
        1,
        null,
        null,
        1,
        99,
        null,
        null
      ],
      "/home/aditya/JobsJugaad/app/controllers/sessions_controller.rb": [
        1,
        1,
        null,
        1,
        null,
        1,
        1,
        null,
        1,
        15,
        null,
        null,
        1,
        4,
        2,
        2,
        2,
        2,
        null,
        2,
        2,
        2,
        2,
        null,
        null,
        null,
        1,
        11,
        8,
        null,
        3,
        3,
        3,
        null,
        3,
        3,
        3,
        null,
        2,
        2,
        2,
        null,
        null,
        3,
        null,
        null,
        null,
        1,
        4,
        4,
        0,
        0,
        null,
        4,
        null,
        4,
        null,
        null,
        1,
        4,
        3,
        3,
        null,
        null,
        null,
        1,
        1,
        null,
        null,
        1,
        9,
        3,
        2,
        null,
        1,
        1,
        null,
        null,
        null,
        1,
        2,
        null,
        null,
        1,
        4,
        4,
        4,
        0,
        0,
        0,
        null,
        4,
        null,
        4,
        null,
        null,
        1,
        2,
        2,
        0,
        0,
        0,
        null,
        2,
        null,
        null,
        null,
        1,
        1,
        null,
        null,
        1,
        2,
        0,
        0,
        0,
        0,
        null,
        0,
        null,
        null,
        null,
        1,
        1,
        1,
        null,
        null
      ],
      "/home/aditya/JobsJugaad/app/controllers/skills_controller.rb": [
        1,
        null
      ],
      "/home/aditya/JobsJugaad/app/models/skill.rb": [
        1,
        1,
        null,
        null,
        null,
        null,
        null,
        null,
        1,
        1,
        1,
        null,
        1,
        673,
        2,
        null
      ],
      "/home/aditya/JobsJugaad/app/mailers/notifier.rb": [
        1,
        1,
        null,
        1,
        90,
        null,
        null,
        1,
        0,
        0,
        0,
        null,
        null,
        1,
        90,
        90,
        90,
        null,
        null,
        1,
        0,
        0,
        0,
        0,
        null,
        null,
        1,
        0,
        0,
        0,
        null,
        null,
        null
      ],
      "/home/aditya/JobsJugaad/app/models/job_search_requests.rb": [
        1,
        1,
        null
      ],
      "/home/aditya/JobsJugaad/app/models/skills_association.rb": [
        1,
        1,
        1,
        1,
        null
      ],
      "/home/aditya/JobsJugaad/app/models/skillsassociation.rb": [
        1,
        1,
        1,
        1,
        null
      ],
      "/home/aditya/JobsJugaad/app/models/xyz.rb": [
        1,
        1,
        1,
        1,
        null
      ]
    },
    "timestamp": 1352184919
  }
}
